  Determining projects to restore...
  All projects are up-to-date for restore.
  
  > pcf-project@1.0.0 clean C:\Users\rfreeman\source\repos\voatmp-textinput-1\pcf\HSL.GovUkDesignSytem\TextInput
  > pcf-scripts clean "--noColor" "--buildMode" "development" "--outDir" "C:\Users\rfreeman\source\repos\voatmp-textinput-1\pcf\HSL.GovUkDesignSytem\TextInput\out\controls" "--buildSource" "MSBuild"
  
  [15:29:00] [clean]  Initializing...
  [15:29:00] [clean]  Cleaning build outputs...
  [15:29:00] [clean]  Succeeded
  Cleaning output directory: bin\Debug\, Intermediate directory: obj\Debug\ and Solution Packager working directory: obj\Debug\
  Removing log file: bin\Debug\SolutionPackager.log and generated solution package: bin\Debug\PowerAppsTools_hsl.zip
  
  > pcf-project@1.0.0 build C:\Users\rfreeman\source\repos\voatmp-textinput-1\pcf\HSL.GovUkDesignSytem\TextInput
  > pcf-scripts build "--noColor" "--buildMode" "development" "--outDir" "C:\Users\rfreeman\source\repos\voatmp-textinput-1\pcf\HSL.GovUkDesignSytem\TextInput\out\controls" "--buildSource" "MSBuild"
  
  [15:29:05] [build]  Initializing...
  [15:29:05] [build]  Validating manifest...
  [15:29:05] [build]  Validating control...
  [15:29:07] [build]  Generating manifest types...
  [15:29:07] [build]  Generating design types...
  [15:29:07] [build]  Compiling and bundling control...
  [Webpack stats]:
  Hash: 87a969d11186a9954627
  Version: webpack 4.42.1
  Time: 4041ms
  Built at: 16/11/2021 15:29:11
      Asset     Size  Chunks             Chunk Names
  bundle.js  391 KiB    main  [emitted]  main
  Entrypoint main = bundle.js
  [./TextInput/index.ts] 14.2 KiB {main} [built]
  [./node_modules/govuk-frontend/govuk/all.js] 91.5 KiB {main} [built]
  [./node_modules/nunjucks/browser/nunjucks.js] 252 KiB {main} [built]
  [./node_modules/process/browser.js] 4.96 KiB {main} [built]
  [./node_modules/setimmediate/setImmediate.js] 5.81 KiB {main} [built]
  [./node_modules/timers-browserify/main.js] 1.85 KiB {main} [built]
  [./node_modules/webpack/buildin/global.js] (webpack)/buildin/global.js 475 bytes {main} [built]
  [15:29:11] [build]  Generating build outputs...
  [15:29:11] [build]  Succeeded
  Running Solution Packager to build package type: Unmanaged bin\Debug\PowerAppsTools_hsl.zip
  Solution: bin\Debug\PowerAppsTools_hsl.zip generated.
  Solution Package Type: Unmanaged generated.
  Completed intermiediate files clean up.
